0 info it worked if it ends with ok
1 verbose cli [ '/usr/local/Cellar/node/6.3.1/bin/node',
1 verbose cli   '/usr/local/bin/npm',
1 verbose cli   'run',
1 verbose cli   'lint' ]
2 info using npm@3.10.7
3 info using node@v6.3.1
4 verbose run-script [ 'prelint', 'lint', 'postlint' ]
5 info lifecycle mock-twitter@1.0.0~prelint: mock-twitter@1.0.0
6 silly lifecycle mock-twitter@1.0.0~prelint: no script for prelint, continuing
7 info lifecycle mock-twitter@1.0.0~lint: mock-twitter@1.0.0
8 verbose lifecycle mock-twitter@1.0.0~lint: unsafe-perm in lifecycle true
9 verbose lifecycle mock-twitter@1.0.0~lint: PATH: /usr/local/lib/node_modules/npm/bin/node-gyp-bin:/Users/michaelfriedman/Github/mock-twitter/node_modules/.bin:/usr/local/Cellar/node/6.3.1/bin:/usr/local/bin:/usr/bin:/bin:/usr/sbin:/sbin
10 verbose lifecycle mock-twitter@1.0.0~lint: CWD: /Users/michaelfriedman/Github/mock-twitter
11 silly lifecycle mock-twitter@1.0.0~lint: Args: [ '-c', 'eslint app/.' ]
12 silly lifecycle mock-twitter@1.0.0~lint: Returned: code: 1  signal: null
13 info lifecycle mock-twitter@1.0.0~lint: Failed to exec lint script
14 verbose stack Error: mock-twitter@1.0.0 lint: `eslint app/.`
14 verbose stack Exit status 1
14 verbose stack     at EventEmitter.<anonymous> (/usr/local/lib/node_modules/npm/lib/utils/lifecycle.js:255:16)
14 verbose stack     at emitTwo (events.js:106:13)
14 verbose stack     at EventEmitter.emit (events.js:191:7)
14 verbose stack     at ChildProcess.<anonymous> (/usr/local/lib/node_modules/npm/lib/utils/spawn.js:40:14)
14 verbose stack     at emitTwo (events.js:106:13)
14 verbose stack     at ChildProcess.emit (events.js:191:7)
14 verbose stack     at maybeClose (internal/child_process.js:852:16)
14 verbose stack     at Process.ChildProcess._handle.onexit (internal/child_process.js:215:5)
15 verbose pkgid mock-twitter@1.0.0
16 verbose cwd /Users/michaelfriedman/Github/mock-twitter
17 error Darwin 15.6.0
18 error argv "/usr/local/Cellar/node/6.3.1/bin/node" "/usr/local/bin/npm" "run" "lint"
19 error node v6.3.1
20 error npm  v3.10.7
21 error code ELIFECYCLE
22 error mock-twitter@1.0.0 lint: `eslint app/.`
22 error Exit status 1
23 error Failed at the mock-twitter@1.0.0 lint script 'eslint app/.'.
23 error Make sure you have the latest version of node.js and npm installed.
23 error If you do, this is most likely a problem with the mock-twitter package,
23 error not with npm itself.
23 error Tell the author that this fails on your system:
23 error     eslint app/.
23 error You can get information on how to open an issue for this project with:
23 error     npm bugs mock-twitter
23 error Or if that isn't available, you can get their info via:
23 error     npm owner ls mock-twitter
23 error There is likely additional logging output above.
24 verbose exit [ 1, true ]
